
*** Running vivado
    with args -log design_2_floating_point_0_2.vds -m64 -product Vivado -mode batch -messageDb vivado.pb -notrace -source design_2_floating_point_0_2.tcl



****** Vivado v2021.2 (64-bit)
  **** SW Build 3367213 on Tue Oct 19 02:48:09 MDT 2021
  **** IP Build 3369179 on Thu Oct 21 08:25:16 MDT 2021
    ** Copyright 1986-2021 Xilinx, Inc. All Rights Reserved.

source design_2_floating_point_0_2.tcl -notrace
Command: synth_design -top design_2_floating_point_0_2 -part xc7a100tcsg324-1 -mode out_of_context
Starting synth_design
Attempting to get a license for feature 'Synthesis' and/or device 'xc7a100t'
INFO: [Common 17-349] Got license for feature 'Synthesis' and/or device 'xc7a100t'
INFO: [Device 21-403] Loading part xc7a100tcsg324-1
INFO: [Synth 8-7079] Multithreading enabled for synth_design using a maximum of 2 processes.
INFO: [Synth 8-7078] Launching helper process for spawning children vivado processes
INFO: [Synth 8-7075] Helper process launched with PID 28204
---------------------------------------------------------------------------------
Starting RTL Elaboration : Time (s): cpu = 00:00:07 ; elapsed = 00:00:10 . Memory (MB): peak = 1566.891 ; gain = 0.000
---------------------------------------------------------------------------------
INFO: [Synth 8-6157] synthesizing module 'design_2_floating_point_0_2' [c:/Users/giova/Documents/Home/UNI/TESI/1_photontorch/2_fpga/test1/4x4NN/project_1.gen/sources_1/bd/design_2/ip/design_2_floating_point_0_2/synth/design_2_floating_point_0_2.v:60]
INFO: [Synth 8-6157] synthesizing module 'LUT1' [C:/Xilinx/Vivado/2021.2/scripts/rt/data/unisim_comp.v:62649]
INFO: [Synth 8-6155] done synthesizing module 'LUT1' (1#1) [C:/Xilinx/Vivado/2021.2/scripts/rt/data/unisim_comp.v:62649]
INFO: [Synth 8-6155] done synthesizing module 'design_2_floating_point_0_2' (23#1) [c:/Users/giova/Documents/Home/UNI/TESI/1_photontorch/2_fpga/test1/4x4NN/project_1.gen/sources_1/bd/design_2/ip/design_2_floating_point_0_2/synth/design_2_floating_point_0_2.v:60]
WARNING: [Synth 8-7129] Port CLK in module xbip_pipe_v3_0_6_viv__parameterized9 is either unconnected or has no load
WARNING: [Synth 8-7129] Port CE in module xbip_pipe_v3_0_6_viv__parameterized9 is either unconnected or has no load
WARNING: [Synth 8-7129] Port SCLR in module xbip_pipe_v3_0_6_viv__parameterized9 is either unconnected or has no load
WARNING: [Synth 8-7129] Port SSET in module xbip_pipe_v3_0_6_viv__parameterized9 is either unconnected or has no load
WARNING: [Synth 8-7129] Port SINIT in module xbip_pipe_v3_0_6_viv__parameterized9 is either unconnected or has no load
WARNING: [Synth 8-7129] Port CLK in module xbip_pipe_v3_0_6_viv__parameterized5 is either unconnected or has no load
WARNING: [Synth 8-7129] Port CE in module xbip_pipe_v3_0_6_viv__parameterized5 is either unconnected or has no load
WARNING: [Synth 8-7129] Port SCLR in module xbip_pipe_v3_0_6_viv__parameterized5 is either unconnected or has no load
WARNING: [Synth 8-7129] Port SSET in module xbip_pipe_v3_0_6_viv__parameterized5 is either unconnected or has no load
WARNING: [Synth 8-7129] Port SINIT in module xbip_pipe_v3_0_6_viv__parameterized5 is either unconnected or has no load
WARNING: [Synth 8-7129] Port DEC_OP_STATE[11] in module flt_dec_op_lat is either unconnected or has no load
WARNING: [Synth 8-7129] Port DEC_OP_STATE[10] in module flt_dec_op_lat is either unconnected or has no load
WARNING: [Synth 8-7129] Port DEC_OP_STATE[9] in module flt_dec_op_lat is either unconnected or has no load
WARNING: [Synth 8-7129] Port DEC_OP_STATE[8] in module flt_dec_op_lat is either unconnected or has no load
WARNING: [Synth 8-7129] Port DIVIDE_BY_ZERO_IN in module flt_dec_op_lat is either unconnected or has no load
WARNING: [Synth 8-7129] Port CLK in module xbip_pipe_v3_0_6_viv__parameterized57 is either unconnected or has no load
WARNING: [Synth 8-7129] Port CE in module xbip_pipe_v3_0_6_viv__parameterized57 is either unconnected or has no load
WARNING: [Synth 8-7129] Port SCLR in module xbip_pipe_v3_0_6_viv__parameterized57 is either unconnected or has no load
WARNING: [Synth 8-7129] Port SSET in module xbip_pipe_v3_0_6_viv__parameterized57 is either unconnected or has no load
WARNING: [Synth 8-7129] Port SINIT in module xbip_pipe_v3_0_6_viv__parameterized57 is either unconnected or has no load
WARNING: [Synth 8-7129] Port B[7] in module carry_chain__parameterized4 is either unconnected or has no load
WARNING: [Synth 8-7129] Port SCLR in module xbip_pipe_v3_0_6_viv__parameterized55 is either unconnected or has no load
WARNING: [Synth 8-7129] Port SSET in module xbip_pipe_v3_0_6_viv__parameterized55 is either unconnected or has no load
WARNING: [Synth 8-7129] Port SINIT in module xbip_pipe_v3_0_6_viv__parameterized55 is either unconnected or has no load
WARNING: [Synth 8-7129] Port SCLR in module xbip_pipe_v3_0_6_viv__parameterized51 is either unconnected or has no load
WARNING: [Synth 8-7129] Port SSET in module xbip_pipe_v3_0_6_viv__parameterized51 is either unconnected or has no load
WARNING: [Synth 8-7129] Port SINIT in module xbip_pipe_v3_0_6_viv__parameterized51 is either unconnected or has no load
WARNING: [Synth 8-7129] Port SCLR in module xbip_pipe_v3_0_6_viv__parameterized53 is either unconnected or has no load
WARNING: [Synth 8-7129] Port SSET in module xbip_pipe_v3_0_6_viv__parameterized53 is either unconnected or has no load
WARNING: [Synth 8-7129] Port SINIT in module xbip_pipe_v3_0_6_viv__parameterized53 is either unconnected or has no load
WARNING: [Synth 8-7129] Port CLK in module xbip_pipe_v3_0_6_viv__parameterized45 is either unconnected or has no load
WARNING: [Synth 8-7129] Port CE in module xbip_pipe_v3_0_6_viv__parameterized45 is either unconnected or has no load
WARNING: [Synth 8-7129] Port SCLR in module xbip_pipe_v3_0_6_viv__parameterized45 is either unconnected or has no load
WARNING: [Synth 8-7129] Port SSET in module xbip_pipe_v3_0_6_viv__parameterized45 is either unconnected or has no load
WARNING: [Synth 8-7129] Port SINIT in module xbip_pipe_v3_0_6_viv__parameterized45 is either unconnected or has no load
WARNING: [Synth 8-7129] Port CLK in module xbip_pipe_v3_0_6_viv__parameterized43 is either unconnected or has no load
WARNING: [Synth 8-7129] Port CE in module xbip_pipe_v3_0_6_viv__parameterized43 is either unconnected or has no load
WARNING: [Synth 8-7129] Port SCLR in module xbip_pipe_v3_0_6_viv__parameterized43 is either unconnected or has no load
WARNING: [Synth 8-7129] Port SSET in module xbip_pipe_v3_0_6_viv__parameterized43 is either unconnected or has no load
WARNING: [Synth 8-7129] Port SINIT in module xbip_pipe_v3_0_6_viv__parameterized43 is either unconnected or has no load
WARNING: [Synth 8-7129] Port NORMALIZE[1] in module flt_round_bit is either unconnected or has no load
WARNING: [Synth 8-7129] Port FIXED_POINT in module flt_round_bit is either unconnected or has no load
WARNING: [Synth 8-7129] Port FIX_MANT_SIGN in module flt_round_bit is either unconnected or has no load
WARNING: [Synth 8-7129] Port SIGN in module flt_round_bit is either unconnected or has no load
WARNING: [Synth 8-7129] Port SCLR in module xbip_pipe_v3_0_6_viv__parameterized3 is either unconnected or has no load
WARNING: [Synth 8-7129] Port SSET in module xbip_pipe_v3_0_6_viv__parameterized3 is either unconnected or has no load
WARNING: [Synth 8-7129] Port SINIT in module xbip_pipe_v3_0_6_viv__parameterized3 is either unconnected or has no load
WARNING: [Synth 8-7129] Port SCLR in module xbip_pipe_v3_0_6_viv__parameterized49 is either unconnected or has no load
WARNING: [Synth 8-7129] Port SSET in module xbip_pipe_v3_0_6_viv__parameterized49 is either unconnected or has no load
WARNING: [Synth 8-7129] Port SINIT in module xbip_pipe_v3_0_6_viv__parameterized49 is either unconnected or has no load
WARNING: [Synth 8-7129] Port SCLR in module xbip_pipe_v3_0_6_viv__parameterized47 is either unconnected or has no load
WARNING: [Synth 8-7129] Port SSET in module xbip_pipe_v3_0_6_viv__parameterized47 is either unconnected or has no load
WARNING: [Synth 8-7129] Port SINIT in module xbip_pipe_v3_0_6_viv__parameterized47 is either unconnected or has no load
WARNING: [Synth 8-7129] Port SCLR in module xbip_pipe_v3_0_6_viv__parameterized17 is either unconnected or has no load
WARNING: [Synth 8-7129] Port SSET in module xbip_pipe_v3_0_6_viv__parameterized17 is either unconnected or has no load
WARNING: [Synth 8-7129] Port SINIT in module xbip_pipe_v3_0_6_viv__parameterized17 is either unconnected or has no load
WARNING: [Synth 8-7129] Port CLK in module xbip_pipe_v3_0_6_viv__parameterized41 is either unconnected or has no load
WARNING: [Synth 8-7129] Port CE in module xbip_pipe_v3_0_6_viv__parameterized41 is either unconnected or has no load
WARNING: [Synth 8-7129] Port SCLR in module xbip_pipe_v3_0_6_viv__parameterized41 is either unconnected or has no load
WARNING: [Synth 8-7129] Port SSET in module xbip_pipe_v3_0_6_viv__parameterized41 is either unconnected or has no load
WARNING: [Synth 8-7129] Port SINIT in module xbip_pipe_v3_0_6_viv__parameterized41 is either unconnected or has no load
WARNING: [Synth 8-7129] Port SCLR in module xbip_pipe_v3_0_6_viv__parameterized37 is either unconnected or has no load
WARNING: [Synth 8-7129] Port SSET in module xbip_pipe_v3_0_6_viv__parameterized37 is either unconnected or has no load
WARNING: [Synth 8-7129] Port SINIT in module xbip_pipe_v3_0_6_viv__parameterized37 is either unconnected or has no load
WARNING: [Synth 8-7129] Port CLK in module xbip_pipe_v3_0_6_viv__parameterized39 is either unconnected or has no load
WARNING: [Synth 8-7129] Port CE in module xbip_pipe_v3_0_6_viv__parameterized39 is either unconnected or has no load
WARNING: [Synth 8-7129] Port SCLR in module xbip_pipe_v3_0_6_viv__parameterized39 is either unconnected or has no load
WARNING: [Synth 8-7129] Port SSET in module xbip_pipe_v3_0_6_viv__parameterized39 is either unconnected or has no load
WARNING: [Synth 8-7129] Port SINIT in module xbip_pipe_v3_0_6_viv__parameterized39 is either unconnected or has no load
WARNING: [Synth 8-7129] Port MANT_CASC_IN[47] in module flt_mult_round is either unconnected or has no load
WARNING: [Synth 8-7129] Port MANT_CASC_IN[46] in module flt_mult_round is either unconnected or has no load
WARNING: [Synth 8-7129] Port MANT_CASC_IN[45] in module flt_mult_round is either unconnected or has no load
WARNING: [Synth 8-7129] Port MANT_CASC_IN[44] in module flt_mult_round is either unconnected or has no load
WARNING: [Synth 8-7129] Port MANT_CASC_IN[43] in module flt_mult_round is either unconnected or has no load
WARNING: [Synth 8-7129] Port MANT_CASC_IN[42] in module flt_mult_round is either unconnected or has no load
WARNING: [Synth 8-7129] Port MANT_CASC_IN[41] in module flt_mult_round is either unconnected or has no load
WARNING: [Synth 8-7129] Port MANT_CASC_IN[40] in module flt_mult_round is either unconnected or has no load
WARNING: [Synth 8-7129] Port MANT_CASC_IN[39] in module flt_mult_round is either unconnected or has no load
WARNING: [Synth 8-7129] Port MANT_CASC_IN[38] in module flt_mult_round is either unconnected or has no load
WARNING: [Synth 8-7129] Port MANT_CASC_IN[37] in module flt_mult_round is either unconnected or has no load
WARNING: [Synth 8-7129] Port MANT_CASC_IN[36] in module flt_mult_round is either unconnected or has no load
WARNING: [Synth 8-7129] Port MANT_CASC_IN[35] in module flt_mult_round is either unconnected or has no load
WARNING: [Synth 8-7129] Port MANT_CASC_IN[34] in module flt_mult_round is either unconnected or has no load
WARNING: [Synth 8-7129] Port MANT_CASC_IN[33] in module flt_mult_round is either unconnected or has no load
WARNING: [Synth 8-7129] Port MANT_CASC_IN[32] in module flt_mult_round is either unconnected or has no load
WARNING: [Synth 8-7129] Port MANT_CASC_IN[31] in module flt_mult_round is either unconnected or has no load
WARNING: [Synth 8-7129] Port MANT_CASC_IN[30] in module flt_mult_round is either unconnected or has no load
WARNING: [Synth 8-7129] Port MANT_CASC_IN[29] in module flt_mult_round is either unconnected or has no load
WARNING: [Synth 8-7129] Port MANT_CASC_IN[28] in module flt_mult_round is either unconnected or has no load
WARNING: [Synth 8-7129] Port MANT_CASC_IN[27] in module flt_mult_round is either unconnected or has no load
WARNING: [Synth 8-7129] Port MANT_CASC_IN[26] in module flt_mult_round is either unconnected or has no load
WARNING: [Synth 8-7129] Port MANT_CASC_IN[25] in module flt_mult_round is either unconnected or has no load
WARNING: [Synth 8-7129] Port MANT_CASC_IN[24] in module flt_mult_round is either unconnected or has no load
WARNING: [Synth 8-7129] Port MANT_CASC_IN[23] in module flt_mult_round is either unconnected or has no load
WARNING: [Synth 8-7129] Port MANT_CASC_IN[22] in module flt_mult_round is either unconnected or has no load
WARNING: [Synth 8-7129] Port MANT_CASC_IN[21] in module flt_mult_round is either unconnected or has no load
WARNING: [Synth 8-7129] Port MANT_CASC_IN[20] in module flt_mult_round is either unconnected or has no load
WARNING: [Synth 8-7129] Port MANT_CASC_IN[19] in module flt_mult_round is either unconnected or has no load
WARNING: [Synth 8-7129] Port MANT_CASC_IN[18] in module flt_mult_round is either unconnected or has no load
WARNING: [Synth 8-7129] Port MANT_CASC_IN[17] in module flt_mult_round is either unconnected or has no load
INFO: [Common 17-14] Message 'Synth 8-7129' appears 100 times and further instances of the messages will be disabled. Use the Tcl command set_msg_config to change the current settings.
---------------------------------------------------------------------------------
Finished RTL Elaboration : Time (s): cpu = 00:00:12 ; elapsed = 00:00:16 . Memory (MB): peak = 1590.711 ; gain = 23.820
---------------------------------------------------------------------------------
---------------------------------------------------------------------------------
Start Handling Custom Attributes
---------------------------------------------------------------------------------
---------------------------------------------------------------------------------
Finished Handling Custom Attributes : Time (s): cpu = 00:00:13 ; elapsed = 00:00:17 . Memory (MB): peak = 1590.711 ; gain = 23.820
---------------------------------------------------------------------------------
---------------------------------------------------------------------------------
Finished RTL Optimization Phase 1 : Time (s): cpu = 00:00:13 ; elapsed = 00:00:17 . Memory (MB): peak = 1590.711 ; gain = 23.820
---------------------------------------------------------------------------------
Netlist sorting complete. Time (s): cpu = 00:00:00 ; elapsed = 00:00:00.029 . Memory (MB): peak = 1590.711 ; gain = 0.000
INFO: [Netlist 29-17] Analyzing 100 Unisim elements for replacement
INFO: [Netlist 29-28] Unisim Transformation completed in 0 CPU seconds
INFO: [Project 1-570] Preparing netlist for logic optimization

Processing XDC Constraints
Initializing timing engine
Parsing XDC File [c:/Users/giova/Documents/Home/UNI/TESI/1_photontorch/2_fpga/test1/4x4NN/project_1.gen/sources_1/bd/design_2/ip/design_2_floating_point_0_2/design_2_floating_point_0_2_ooc.xdc] for cell 'inst'
Finished Parsing XDC File [c:/Users/giova/Documents/Home/UNI/TESI/1_photontorch/2_fpga/test1/4x4NN/project_1.gen/sources_1/bd/design_2/ip/design_2_floating_point_0_2/design_2_floating_point_0_2_ooc.xdc] for cell 'inst'
Parsing XDC File [C:/Users/giova/Documents/Home/UNI/TESI/1_photontorch/2_fpga/test1/4x4NN/4x4NN.runs/design_2_floating_point_0_2_synth_1/dont_touch.xdc]
Finished Parsing XDC File [C:/Users/giova/Documents/Home/UNI/TESI/1_photontorch/2_fpga/test1/4x4NN/4x4NN.runs/design_2_floating_point_0_2_synth_1/dont_touch.xdc]
Completed Processing XDC Constraints

Netlist sorting complete. Time (s): cpu = 00:00:00 ; elapsed = 00:00:00.001 . Memory (MB): peak = 1631.809 ; gain = 0.000
INFO: [Project 1-111] Unisim Transformation Summary:
  A total of 5 instances were transformed.
  FDE => FDRE: 5 instances

Constraint Validation Runtime : Time (s): cpu = 00:00:00 ; elapsed = 00:00:00.054 . Memory (MB): peak = 1633.004 ; gain = 1.195
---------------------------------------------------------------------------------
Finished Constraint Validation : Time (s): cpu = 00:00:20 ; elapsed = 00:00:26 . Memory (MB): peak = 1633.004 ; gain = 66.113
---------------------------------------------------------------------------------
---------------------------------------------------------------------------------
Start Loading Part and Timing Information
---------------------------------------------------------------------------------
Loading part: xc7a100tcsg324-1
---------------------------------------------------------------------------------
Finished Loading Part and Timing Information : Time (s): cpu = 00:00:20 ; elapsed = 00:00:26 . Memory (MB): peak = 1633.004 ; gain = 66.113
---------------------------------------------------------------------------------
---------------------------------------------------------------------------------
Start Applying 'set_property' XDC Constraints
---------------------------------------------------------------------------------
Applied set_property KEEP_HIERARCHY = SOFT for inst. (constraint file  C:/Users/giova/Documents/Home/UNI/TESI/1_photontorch/2_fpga/test1/4x4NN/4x4NN.runs/design_2_floating_point_0_2_synth_1/dont_touch.xdc, line 9).
---------------------------------------------------------------------------------
Finished applying 'set_property' XDC Constraints : Time (s): cpu = 00:00:20 ; elapsed = 00:00:26 . Memory (MB): peak = 1633.004 ; gain = 66.113
---------------------------------------------------------------------------------
---------------------------------------------------------------------------------
Finished RTL Optimization Phase 2 : Time (s): cpu = 00:00:21 ; elapsed = 00:00:27 . Memory (MB): peak = 1633.004 ; gain = 66.113
---------------------------------------------------------------------------------
INFO: [Synth 8-223] decloning instance 'inst/i_synth/MULT.OP/i_non_prim.R_AND_R/LOGIC.R_AND_R/EXTRA_LSB_BIT_DEL' (delay__parameterized13) to 'inst/i_synth/MULT.OP/i_non_prim.R_AND_R/LOGIC.R_AND_R/EXTRA_LSB_RND1_DEL'
INFO: [Synth 8-223] decloning instance 'inst/i_synth/DELAY_DIVIDE_BY_ZERO' (delay__parameterized13) to 'inst/i_synth/DELAY_ACCUM_OVERFLOW'
INFO: [Synth 8-223] decloning instance 'inst/i_synth/DELAY_DIVIDE_BY_ZERO' (delay__parameterized13) to 'inst/i_synth/DELAY_ACCUM_INPUT_OVERFLOW'
---------------------------------------------------------------------------------
Start RTL Component Statistics 
---------------------------------------------------------------------------------
---------------------------------------------------------------------------------
Finished RTL Component Statistics 
---------------------------------------------------------------------------------
---------------------------------------------------------------------------------
Start Part Resource Summary
---------------------------------------------------------------------------------
Part Resources:
DSPs: 240 (col length:80)
BRAMs: 270 (col length: RAMB18 80 RAMB36 40)
---------------------------------------------------------------------------------
Finished Part Resource Summary
---------------------------------------------------------------------------------
---------------------------------------------------------------------------------
Start Cross Boundary and Area Optimization
---------------------------------------------------------------------------------
WARNING: [Synth 8-7080] Parallel synthesis criteria is not met
---------------------------------------------------------------------------------
Finished Cross Boundary and Area Optimization : Time (s): cpu = 00:00:23 ; elapsed = 00:00:29 . Memory (MB): peak = 1633.004 ; gain = 66.113
---------------------------------------------------------------------------------
---------------------------------------------------------------------------------
Start Applying XDC Timing Constraints
---------------------------------------------------------------------------------
---------------------------------------------------------------------------------
Finished Applying XDC Timing Constraints : Time (s): cpu = 00:00:32 ; elapsed = 00:00:42 . Memory (MB): peak = 1633.004 ; gain = 66.113
---------------------------------------------------------------------------------
---------------------------------------------------------------------------------
Start Timing Optimization
---------------------------------------------------------------------------------
---------------------------------------------------------------------------------
Finished Timing Optimization : Time (s): cpu = 00:00:32 ; elapsed = 00:00:42 . Memory (MB): peak = 1633.004 ; gain = 66.113
---------------------------------------------------------------------------------
---------------------------------------------------------------------------------
Start Technology Mapping
---------------------------------------------------------------------------------
---------------------------------------------------------------------------------
Finished Technology Mapping : Time (s): cpu = 00:00:33 ; elapsed = 00:00:42 . Memory (MB): peak = 1660.523 ; gain = 93.633
---------------------------------------------------------------------------------
---------------------------------------------------------------------------------
Start IO Insertion
---------------------------------------------------------------------------------
---------------------------------------------------------------------------------
Start Flattening Before IO Insertion
---------------------------------------------------------------------------------
---------------------------------------------------------------------------------
Finished Flattening Before IO Insertion
---------------------------------------------------------------------------------
---------------------------------------------------------------------------------
Start Final Netlist Cleanup
---------------------------------------------------------------------------------
---------------------------------------------------------------------------------
Finished Final Netlist Cleanup
---------------------------------------------------------------------------------
---------------------------------------------------------------------------------
Finished IO Insertion : Time (s): cpu = 00:00:37 ; elapsed = 00:00:48 . Memory (MB): peak = 1660.523 ; gain = 93.633
---------------------------------------------------------------------------------
---------------------------------------------------------------------------------
Start Renaming Generated Instances
---------------------------------------------------------------------------------
---------------------------------------------------------------------------------
Finished Renaming Generated Instances : Time (s): cpu = 00:00:37 ; elapsed = 00:00:48 . Memory (MB): peak = 1660.523 ; gain = 93.633
---------------------------------------------------------------------------------
---------------------------------------------------------------------------------
Start Rebuilding User Hierarchy
---------------------------------------------------------------------------------
---------------------------------------------------------------------------------
Finished Rebuilding User Hierarchy : Time (s): cpu = 00:00:37 ; elapsed = 00:00:48 . Memory (MB): peak = 1660.523 ; gain = 93.633
---------------------------------------------------------------------------------
---------------------------------------------------------------------------------
Start Renaming Generated Ports
---------------------------------------------------------------------------------
---------------------------------------------------------------------------------
Finished Renaming Generated Ports : Time (s): cpu = 00:00:37 ; elapsed = 00:00:49 . Memory (MB): peak = 1660.523 ; gain = 93.633
---------------------------------------------------------------------------------
---------------------------------------------------------------------------------
Start Handling Custom Attributes
---------------------------------------------------------------------------------
---------------------------------------------------------------------------------
Finished Handling Custom Attributes : Time (s): cpu = 00:00:37 ; elapsed = 00:00:49 . Memory (MB): peak = 1660.523 ; gain = 93.633
---------------------------------------------------------------------------------
---------------------------------------------------------------------------------
Start Renaming Generated Nets
---------------------------------------------------------------------------------
---------------------------------------------------------------------------------
Finished Renaming Generated Nets : Time (s): cpu = 00:00:37 ; elapsed = 00:00:49 . Memory (MB): peak = 1660.523 ; gain = 93.633
---------------------------------------------------------------------------------
---------------------------------------------------------------------------------
Start Writing Synthesis Report
---------------------------------------------------------------------------------

Report BlackBoxes: 
+-+--------------+----------+
| |BlackBox name |Instances |
+-+--------------+----------+
+-+--------------+----------+

Report Cell Usage: 
+------+--------+------+
|      |Cell    |Count |
+------+--------+------+
|1     |DSP48E1 |     2|
|3     |LUT1    |     4|
|4     |LUT2    |    27|
|5     |LUT3    |    96|
|6     |LUT4    |    31|
|7     |LUT5    |    13|
|8     |LUT6    |    23|
|9     |MUXCY   |    50|
|10    |SRL16E  |    16|
|11    |XORCY   |    43|
|12    |FDE     |     5|
|13    |FDRE    |   303|
+------+--------+------+
---------------------------------------------------------------------------------
Finished Writing Synthesis Report : Time (s): cpu = 00:00:37 ; elapsed = 00:00:49 . Memory (MB): peak = 1660.523 ; gain = 93.633
---------------------------------------------------------------------------------
Synthesis finished with 0 errors, 0 critical warnings and 54 warnings.
Synthesis Optimization Runtime : Time (s): cpu = 00:00:22 ; elapsed = 00:00:46 . Memory (MB): peak = 1660.523 ; gain = 51.340
Synthesis Optimization Complete : Time (s): cpu = 00:00:37 ; elapsed = 00:00:49 . Memory (MB): peak = 1660.523 ; gain = 93.633
INFO: [Project 1-571] Translating synthesized netlist
Netlist sorting complete. Time (s): cpu = 00:00:00 ; elapsed = 00:00:00.026 . Memory (MB): peak = 1660.523 ; gain = 0.000
INFO: [Netlist 29-17] Analyzing 100 Unisim elements for replacement
INFO: [Netlist 29-28] Unisim Transformation completed in 0 CPU seconds
INFO: [Project 1-570] Preparing netlist for logic optimization
INFO: [Opt 31-138] Pushed 0 inverter(s) to 0 load pin(s).
Netlist sorting complete. Time (s): cpu = 00:00:00 ; elapsed = 00:00:00 . Memory (MB): peak = 1680.660 ; gain = 0.000
INFO: [Project 1-111] Unisim Transformation Summary:
  A total of 20 instances were transformed.
  (MUXCY,XORCY) => CARRY4: 15 instances
  FDE => FDRE: 5 instances

Synth Design complete, checksum: 5707076e
INFO: [Common 17-83] Releasing license: Synthesis
24 Infos, 101 Warnings, 0 Critical Warnings and 0 Errors encountered.
synth_design completed successfully
synth_design: Time (s): cpu = 00:00:41 ; elapsed = 00:00:55 . Memory (MB): peak = 1680.660 ; gain = 113.770
INFO: [Common 17-1381] The checkpoint 'C:/Users/giova/Documents/Home/UNI/TESI/1_photontorch/2_fpga/test1/4x4NN/4x4NN.runs/design_2_floating_point_0_2_synth_1/design_2_floating_point_0_2.dcp' has been generated.
INFO: [Coretcl 2-1648] Added synthesis output to IP cache for IP design_2_floating_point_0_2, cache-ID = 52828f57f7d577b1
INFO: [Coretcl 2-1174] Renamed 74 cell refs.
INFO: [Common 17-1381] The checkpoint 'C:/Users/giova/Documents/Home/UNI/TESI/1_photontorch/2_fpga/test1/4x4NN/4x4NN.runs/design_2_floating_point_0_2_synth_1/design_2_floating_point_0_2.dcp' has been generated.
INFO: [runtcl-4] Executing : report_utilization -file design_2_floating_point_0_2_utilization_synth.rpt -pb design_2_floating_point_0_2_utilization_synth.pb
INFO: [Common 17-206] Exiting Vivado at Fri Jun 23 19:20:26 2023...
